<?xml version="1.0" encoding="UTF-8"?>
<!-- Generated by org.testng.reporters.JUnitReportReporter -->
<testsuite hostname="DESKTOP-MC7UQM0" failures="0" tests="1" name="practice.sampleTest" time="0.068" errors="0" timestamp="2022-12-20T17:23:55 IST" skipped="0">
  <testcase classname="practice.sampleTest" name="testing" time="0.068"/>
  <system-out/>
</testsuite> <!-- practice.sampleTest -->
